<?xml version="1.0" encoding="UTF-8"?>
<testng-results total="0" passed="0" failed="0" skipped="0">
  <reporter-output>
  </reporter-output>
  <suite started-at="2022-03-11T01:37:35Z" name="mutipleWindow.Test_Script" finished-at="2022-03-11T01:37:35Z" duration-ms="3">
    <groups>
    </groups>
    <test started-at="2022-03-11T01:37:35Z" name="Command line test" finished-at="2022-03-11T01:37:35Z" duration-ms="3">
    </test> <!-- Command line test -->
  </suite> <!-- mutipleWindow.Test_Script -->
</testng-results>
